{"total": {"lines":{"total":179,"covered":179,"skipped":0,"pct":100},"statements":{"total":179,"covered":179,"skipped":0,"pct":100},"functions":{"total":7,"covered":7,"skipped":0,"pct":100},"branches":{"total":39,"covered":39,"skipped":0,"pct":100},"branchesTrue":{"total":0,"covered":0,"skipped":0,"pct":100}}
,"/home/kit-scc/vre/packages/vre-jupyterlab-extension/lib/config/constants.js": {"lines":{"total":27,"covered":27,"skipped":0,"pct":100},"functions":{"total":0,"covered":0,"skipped":0,"pct":100},"statements":{"total":27,"covered":27,"skipped":0,"pct":100},"branches":{"total":1,"covered":1,"skipped":0,"pct":100}}
,"/home/kit-scc/vre/packages/vre-jupyterlab-extension/lib/config/defaults.js": {"lines":{"total":80,"covered":80,"skipped":0,"pct":100},"functions":{"total":0,"covered":0,"skipped":0,"pct":100},"statements":{"total":80,"covered":80,"skipped":0,"pct":100},"branches":{"total":1,"covered":1,"skipped":0,"pct":100}}
,"/home/kit-scc/vre/packages/vre-jupyterlab-extension/lib/execution/freeze-state.js": {"lines":{"total":72,"covered":72,"skipped":0,"pct":100},"functions":{"total":7,"covered":7,"skipped":0,"pct":100},"statements":{"total":72,"covered":72,"skipped":0,"pct":100},"branches":{"total":37,"covered":37,"skipped":0,"pct":100}}
}
