TN:
SF:lib/config/constants.js
FNF:0
FNH:0
DA:1,1
DA:2,1
DA:3,1
DA:4,1
DA:5,1
DA:6,1
DA:7,1
DA:8,1
DA:9,1
DA:10,1
DA:11,1
DA:12,1
DA:13,1
DA:14,1
DA:15,1
DA:16,1
DA:17,1
DA:18,1
DA:19,1
DA:20,1
DA:21,1
DA:22,1
DA:23,1
DA:24,1
DA:25,1
DA:26,1
DA:27,1
LF:27
LH:27
BRDA:1,0,0,1
BRF:1
BRH:1
end_of_record
TN:
SF:lib/config/defaults.js
FNF:0
FNH:0
DA:1,1
DA:2,1
DA:3,1
DA:4,1
DA:5,1
DA:6,1
DA:7,1
DA:8,1
DA:9,1
DA:10,1
DA:11,1
DA:12,1
DA:13,1
DA:14,1
DA:15,1
DA:16,1
DA:17,1
DA:18,1
DA:19,1
DA:20,1
DA:21,1
DA:22,1
DA:23,1
DA:24,1
DA:25,1
DA:26,1
DA:27,1
DA:28,1
DA:29,1
DA:30,1
DA:31,1
DA:32,1
DA:33,1
DA:34,1
DA:35,1
DA:36,1
DA:37,1
DA:38,1
DA:39,1
DA:40,1
DA:41,1
DA:42,1
DA:43,1
DA:44,1
DA:45,1
DA:46,1
DA:47,1
DA:48,1
DA:49,1
DA:50,1
DA:51,1
DA:52,1
DA:53,1
DA:54,1
DA:55,1
DA:56,1
DA:57,1
DA:58,1
DA:59,1
DA:60,1
DA:61,1
DA:62,1
DA:63,1
DA:64,1
DA:65,1
DA:66,1
DA:67,1
DA:68,1
DA:69,1
DA:70,1
DA:71,1
DA:72,1
DA:73,1
DA:74,1
DA:75,1
DA:76,1
DA:77,1
DA:78,1
DA:79,1
DA:80,1
LF:80
LH:80
BRDA:1,0,0,1
BRF:1
BRH:1
end_of_record
TN:
SF:lib/execution/freeze-state.js
FN:2,normalizeCount
FN:6,hasErrorOutputs
FN:17,isSuccessfulSnapshot
FN:24,getStatus
FN:34,isExecutedSnapshot
FN:42,parseState
FN:49,buildState
FNF:7
FNH:7
FNDA:11,normalizeCount
FNDA:13,hasErrorOutputs
FNDA:6,isSuccessfulSnapshot
FNDA:4,getStatus
FNDA:3,isExecutedSnapshot
FNDA:4,parseState
FNDA:3,buildState
DA:1,1
DA:2,1
DA:3,11
DA:4,11
DA:5,1
DA:6,1
DA:7,13
DA:8,8
DA:9,8
DA:10,8
DA:11,4
DA:12,4
DA:13,8
DA:14,9
DA:15,13
DA:16,1
DA:17,1
DA:18,6
DA:19,1
DA:20,1
DA:21,6
DA:22,6
DA:23,1
DA:24,1
DA:25,4
DA:26,1
DA:27,1
DA:28,4
DA:29,2
DA:30,2
DA:31,1
DA:32,4
DA:33,1
DA:34,1
DA:35,3
DA:36,1
DA:37,1
DA:38,2
DA:39,3
DA:40,3
DA:41,1
DA:42,1
DA:43,4
DA:44,3
DA:45,3
DA:46,1
DA:47,4
DA:48,1
DA:49,1
DA:50,3
DA:51,3
DA:52,3
DA:53,3
DA:54,3
DA:55,3
DA:56,3
DA:57,3
DA:58,3
DA:59,3
DA:60,3
DA:61,3
DA:62,3
DA:63,3
DA:64,3
DA:65,3
DA:66,1
DA:67,1
DA:68,1
DA:69,1
DA:70,1
DA:71,1
DA:72,1
LF:72
LH:72
BRDA:1,0,0,1
BRDA:2,1,0,11
BRDA:3,2,0,7
BRDA:3,3,0,6
BRDA:3,4,0,5
BRDA:6,5,0,13
BRDA:7,6,0,8
BRDA:9,7,0,1
BRDA:10,8,0,4
BRDA:14,9,0,9
BRDA:17,10,0,6
BRDA:18,11,0,1
BRDA:21,12,0,5
BRDA:21,13,0,3
BRDA:24,14,0,4
BRDA:25,15,0,1
BRDA:28,16,0,3
BRDA:28,17,0,2
BRDA:31,18,0,1
BRDA:34,19,0,3
BRDA:35,20,0,1
BRDA:38,21,0,2
BRDA:42,22,0,4
BRDA:43,23,0,2
BRDA:43,24,0,3
BRDA:46,25,0,1
BRDA:49,26,0,3
BRDA:50,27,0,2
BRDA:50,28,0,2
BRDA:50,29,0,1
BRDA:51,30,0,2
BRDA:52,31,0,2
BRDA:53,32,0,1
BRDA:54,33,0,1
BRDA:54,34,0,2
BRDA:55,35,0,1
BRDA:55,36,0,2
BRF:37
BRH:37
end_of_record
